2026-04-03 17:33:22,484 - data_preprocessing - DEBUG - Data loaded properly
2026-04-03 17:33:22,485 - data_preprocessing - DEBUG - starting preprocessing for DataFrame
2026-04-03 17:33:22,487 - data_preprocessing - DEBUG - Target column encoded
2026-04-03 17:33:22,489 - data_preprocessing - DEBUG - Duplicates removed
2026-04-03 17:33:22,490 - data_preprocessing - ERROR - Error during text normalization: (slice(None, None, None), 'text')
2026-04-03 17:33:22,490 - data_preprocessing - ERROR - Failed to complete the data transformation process: (slice(None, None, None), 'text')
2026-04-03 17:39:19,994 - data_preprocessing - DEBUG - Data loaded properly
2026-04-03 17:39:19,994 - data_preprocessing - DEBUG - starting preprocessing for DataFrame
2026-04-03 17:39:19,998 - data_preprocessing - DEBUG - Target column encoded
2026-04-03 17:39:20,002 - data_preprocessing - DEBUG - Duplicates removed
2026-04-03 17:39:20,002 - data_preprocessing - ERROR - Error during text normalization: (slice(None, None, None), 'text')
2026-04-03 17:39:20,002 - data_preprocessing - ERROR - Failed to complete the data transformation process: (slice(None, None, None), 'text')
2026-04-03 17:42:45,827 - data_preprocessing - DEBUG - Data loaded properly
2026-04-03 17:42:45,828 - data_preprocessing - DEBUG - starting preprocessing for DataFrame
2026-04-03 17:42:45,830 - data_preprocessing - DEBUG - Target column encoded
2026-04-03 17:42:45,832 - data_preprocessing - DEBUG - Duplicates removed
2026-04-03 17:42:45,834 - data_preprocessing - ERROR - Error during text normalization: 
**********************************************************************
  Resource 'punkt_tab' not found.
  Please use the NLTK Downloader to obtain the resource:

  >>> import nltk
  >>> nltk.download('punkt_tab')

  For more information see: https://www.nltk.org/data.html

  Attempted to load 'tokenizers/punkt_tab/english/'

  Searched in:
    - 'C:\\Users\\Ganesh Mula/nltk_data'
    - 'D:\\Documents\\Self_projects\\ML_Ops\\Project1\\ML_Pipeline\\venv\\nltk_data'
    - 'D:\\Documents\\Self_projects\\ML_Ops\\Project1\\ML_Pipeline\\venv\\share\\nltk_data'
    - 'D:\\Documents\\Self_projects\\ML_Ops\\Project1\\ML_Pipeline\\venv\\lib\\nltk_data'
    - 'C:\\Users\\Ganesh Mula\\AppData\\Roaming\\nltk_data'
    - 'C:\\nltk_data'
    - 'D:\\nltk_data'
    - 'E:\\nltk_data'
**********************************************************************

2026-04-03 17:42:45,835 - data_preprocessing - ERROR - Failed to complete the data transformation process: 
**********************************************************************
  Resource 'punkt_tab' not found.
  Please use the NLTK Downloader to obtain the resource:

  >>> import nltk
  >>> nltk.download('punkt_tab')

  For more information see: https://www.nltk.org/data.html

  Attempted to load 'tokenizers/punkt_tab/english/'

  Searched in:
    - 'C:\\Users\\Ganesh Mula/nltk_data'
    - 'D:\\Documents\\Self_projects\\ML_Ops\\Project1\\ML_Pipeline\\venv\\nltk_data'
    - 'D:\\Documents\\Self_projects\\ML_Ops\\Project1\\ML_Pipeline\\venv\\share\\nltk_data'
    - 'D:\\Documents\\Self_projects\\ML_Ops\\Project1\\ML_Pipeline\\venv\\lib\\nltk_data'
    - 'C:\\Users\\Ganesh Mula\\AppData\\Roaming\\nltk_data'
    - 'C:\\nltk_data'
    - 'D:\\nltk_data'
    - 'E:\\nltk_data'
**********************************************************************

2026-04-03 17:46:32,353 - data_preprocessing - DEBUG - Data loaded properly
2026-04-03 17:46:32,353 - data_preprocessing - DEBUG - starting preprocessing for DataFrame
2026-04-03 17:46:32,355 - data_preprocessing - DEBUG - Target column encoded
2026-04-03 17:46:32,358 - data_preprocessing - DEBUG - Duplicates removed
2026-04-03 17:46:32,361 - data_preprocessing - ERROR - Error during text normalization: 
**********************************************************************
  Resource 'punkt_tab' not found.
  Please use the NLTK Downloader to obtain the resource:

  >>> import nltk
  >>> nltk.download('punkt_tab')

  For more information see: https://www.nltk.org/data.html

  Attempted to load 'tokenizers/punkt_tab/english/'

  Searched in:
    - 'C:\\Users\\Ganesh Mula/nltk_data'
    - 'D:\\Documents\\Self_projects\\ML_Ops\\Project1\\ML_Pipeline\\venv\\nltk_data'
    - 'D:\\Documents\\Self_projects\\ML_Ops\\Project1\\ML_Pipeline\\venv\\share\\nltk_data'
    - 'D:\\Documents\\Self_projects\\ML_Ops\\Project1\\ML_Pipeline\\venv\\lib\\nltk_data'
    - 'C:\\Users\\Ganesh Mula\\AppData\\Roaming\\nltk_data'
    - 'C:\\nltk_data'
    - 'D:\\nltk_data'
    - 'E:\\nltk_data'
**********************************************************************

2026-04-03 17:46:32,361 - data_preprocessing - ERROR - Failed to complete the data transformation process: 
**********************************************************************
  Resource 'punkt_tab' not found.
  Please use the NLTK Downloader to obtain the resource:

  >>> import nltk
  >>> nltk.download('punkt_tab')

  For more information see: https://www.nltk.org/data.html

  Attempted to load 'tokenizers/punkt_tab/english/'

  Searched in:
    - 'C:\\Users\\Ganesh Mula/nltk_data'
    - 'D:\\Documents\\Self_projects\\ML_Ops\\Project1\\ML_Pipeline\\venv\\nltk_data'
    - 'D:\\Documents\\Self_projects\\ML_Ops\\Project1\\ML_Pipeline\\venv\\share\\nltk_data'
    - 'D:\\Documents\\Self_projects\\ML_Ops\\Project1\\ML_Pipeline\\venv\\lib\\nltk_data'
    - 'C:\\Users\\Ganesh Mula\\AppData\\Roaming\\nltk_data'
    - 'C:\\nltk_data'
    - 'D:\\nltk_data'
    - 'E:\\nltk_data'
**********************************************************************

2026-04-03 17:48:06,065 - data_preprocessing - DEBUG - Data loaded properly
2026-04-03 17:48:06,066 - data_preprocessing - DEBUG - starting preprocessing for DataFrame
2026-04-03 17:48:06,067 - data_preprocessing - DEBUG - Target column encoded
2026-04-03 17:48:06,070 - data_preprocessing - DEBUG - Duplicates removed
2026-04-03 17:48:55,269 - data_preprocessing - DEBUG - Text column transformed
2026-04-03 17:48:55,270 - data_preprocessing - DEBUG - starting preprocessing for DataFrame
2026-04-03 17:48:55,271 - data_preprocessing - DEBUG - Target column encoded
2026-04-03 17:48:55,273 - data_preprocessing - DEBUG - Duplicates removed
2026-04-03 17:49:16,198 - data_preprocessing - DEBUG - Text column transformed
2026-04-03 17:49:16,212 - data_preprocessing - DEBUG - Processed data saved to ./data\interim
