2026-04-04 11:58:58,793 - feature_engineering - DEBUG - Data Loaded and Nans filled from ./data/interim/train_processed.csv
2026-04-04 11:58:58,797 - feature_engineering - DEBUG - Data Loaded and Nans filled from ./data/interim/test_processed.csv
2026-04-04 11:58:58,864 - feature_engineering - DEBUG - tfidf applied and data transformed
2026-04-04 11:58:59,007 - feature_engineering - DEBUG - Data saved to ./data\processed\train_tfidf.csv
2026-04-04 11:58:59,045 - feature_engineering - DEBUG - Data saved to ./data\processed\test_tfidf.csv
2026-04-20 22:43:47,701 - feature_engineering - DEBUG - Data Loaded and Nans filled from ./data/interim/train_processed.csv
2026-04-20 22:43:47,704 - feature_engineering - DEBUG - Data Loaded and Nans filled from ./data/interim/test_processed.csv
2026-04-20 22:43:47,742 - feature_engineering - DEBUG - tfidf applied and data transformed
2026-04-20 22:43:47,824 - feature_engineering - DEBUG - Data saved to ./data\processed\train_tfidf.csv
2026-04-20 22:43:47,848 - feature_engineering - DEBUG - Data saved to ./data\processed\test_tfidf.csv
2026-04-21 14:40:04,098 - feature_engineering - DEBUG - Parameters retrieved from params.yaml
2026-04-21 14:40:04,105 - feature_engineering - DEBUG - Data Loaded and Nans filled from ./data/interim/train_processed.csv
2026-04-21 14:40:04,108 - feature_engineering - DEBUG - Data Loaded and Nans filled from ./data/interim/test_processed.csv
2026-04-21 14:40:04,147 - feature_engineering - DEBUG - tfidf applied and data transformed
2026-04-21 14:40:04,238 - feature_engineering - DEBUG - Data saved to ./data\processed\train_tfidf.csv
2026-04-21 14:40:04,263 - feature_engineering - DEBUG - Data saved to ./data\processed\test_tfidf.csv
2026-04-21 16:22:31,644 - feature_engineering - DEBUG - Parameters retrieved from params.yaml
2026-04-21 16:22:31,652 - feature_engineering - DEBUG - Data Loaded and Nans filled from ./data/interim/train_processed.csv
2026-04-21 16:22:31,654 - feature_engineering - DEBUG - Data Loaded and Nans filled from ./data/interim/test_processed.csv
2026-04-21 16:22:31,693 - feature_engineering - DEBUG - tfidf applied and data transformed
2026-04-21 16:22:31,750 - feature_engineering - DEBUG - Data saved to ./data\processed\train_tfidf.csv
2026-04-21 16:22:31,758 - feature_engineering - DEBUG - Data saved to ./data\processed\test_tfidf.csv
2026-04-21 16:30:04,728 - feature_engineering - DEBUG - Parameters retrieved from params.yaml
2026-04-21 16:30:04,736 - feature_engineering - DEBUG - Data Loaded and Nans filled from ./data/interim/train_processed.csv
2026-04-21 16:30:04,739 - feature_engineering - DEBUG - Data Loaded and Nans filled from ./data/interim/test_processed.csv
2026-04-21 16:30:04,777 - feature_engineering - DEBUG - tfidf applied and data transformed
2026-04-21 16:30:04,838 - feature_engineering - DEBUG - Data saved to ./data\processed\train_tfidf.csv
2026-04-21 16:30:04,857 - feature_engineering - DEBUG - Data saved to ./data\processed\test_tfidf.csv
2026-04-21 16:35:17,536 - feature_engineering - DEBUG - Parameters retrieved from params.yaml
2026-04-21 16:35:17,543 - feature_engineering - DEBUG - Data Loaded and Nans filled from ./data/interim/train_processed.csv
2026-04-21 16:35:17,547 - feature_engineering - DEBUG - Data Loaded and Nans filled from ./data/interim/test_processed.csv
2026-04-21 16:35:17,589 - feature_engineering - DEBUG - tfidf applied and data transformed
2026-04-21 16:35:17,666 - feature_engineering - DEBUG - Data saved to ./data\processed\train_tfidf.csv
2026-04-21 16:35:17,702 - feature_engineering - DEBUG - Data saved to ./data\processed\test_tfidf.csv
