2026-04-20 21:25:16,345 - model_building - DEBUG - Data loaded from ./data/processed/train_tfidf.csv with shape (4152, 51)
2026-04-20 21:25:16,347 - model_building - DEBUG - Intializing RaandomForest model with parameters: {'n_estimators': 25, 'random_state': 2}
2026-04-20 21:25:16,348 - model_building - DEBUG - Model training started with 4152 samples
2026-04-20 21:25:16,424 - model_building - DEBUG - Model training completed
2026-04-20 21:25:16,427 - model_building - DEBUG - Model saved to models/model.pkl
2026-04-20 22:43:49,517 - model_building - DEBUG - Data loaded from ./data/processed/train_tfidf.csv with shape (4152, 51)
2026-04-20 22:43:49,521 - model_building - DEBUG - Intializing RaandomForest model with parameters: {'n_estimators': 25, 'random_state': 2}
2026-04-20 22:43:49,522 - model_building - DEBUG - Model training started with 4152 samples
2026-04-20 22:43:49,625 - model_building - DEBUG - Model training completed
2026-04-20 22:43:49,628 - model_building - DEBUG - Model saved to models/model.pkl
2026-04-21 14:40:06,220 - model_building - DEBUG - Parameters retrieved from params.yaml
2026-04-21 14:40:06,234 - model_building - DEBUG - Data loaded from ./data/processed/train_tfidf.csv with shape (4152, 51)
2026-04-21 14:40:06,236 - model_building - DEBUG - Intializing RaandomForest model with parameters: {'n_estimators': 25, 'random_state': 2}
2026-04-21 14:40:06,236 - model_building - DEBUG - Model training started with 4152 samples
2026-04-21 14:40:06,313 - model_building - DEBUG - Model training completed
2026-04-21 14:40:06,316 - model_building - DEBUG - Model saved to models/model.pkl
2026-04-21 16:22:33,682 - model_building - DEBUG - Parameters retrieved from params.yaml
2026-04-21 16:22:33,692 - model_building - DEBUG - Data loaded from ./data/processed/train_tfidf.csv with shape (4670, 31)
2026-04-21 16:22:33,694 - model_building - DEBUG - Intializing RaandomForest model with parameters: {'n_estimators': 20, 'random_state': 2}
2026-04-21 16:22:33,694 - model_building - DEBUG - Model training started with 4670 samples
2026-04-21 16:22:33,746 - model_building - DEBUG - Model training completed
2026-04-21 16:22:33,750 - model_building - DEBUG - Model saved to models/model.pkl
2026-04-21 16:30:06,458 - model_building - DEBUG - Parameters retrieved from params.yaml
2026-04-21 16:30:06,469 - model_building - DEBUG - Data loaded from ./data/processed/train_tfidf.csv with shape (4152, 36)
2026-04-21 16:30:06,471 - model_building - DEBUG - Intializing RaandomForest model with parameters: {'n_estimators': 22, 'random_state': 2}
2026-04-21 16:30:06,472 - model_building - DEBUG - Model training started with 4152 samples
2026-04-21 16:30:06,528 - model_building - DEBUG - Model training completed
2026-04-21 16:30:06,530 - model_building - DEBUG - Model saved to models/model.pkl
2026-04-21 16:35:19,485 - model_building - DEBUG - Parameters retrieved from params.yaml
2026-04-21 16:35:19,499 - model_building - DEBUG - Data loaded from ./data/processed/train_tfidf.csv with shape (3654, 51)
2026-04-21 16:35:19,501 - model_building - DEBUG - Intializing RaandomForest model with parameters: {'n_estimators': 20, 'random_state': 2}
2026-04-21 16:35:19,501 - model_building - DEBUG - Model training started with 3654 samples
2026-04-21 16:35:19,562 - model_building - DEBUG - Model training completed
2026-04-21 16:35:19,565 - model_building - DEBUG - Model saved to models/model.pkl
